<?xml version="1.0" encoding="UTF-8"?>
<!-- Generated by org.testng.reporters.JUnitReportReporter -->
<testsuite hostname="LAIMUMLT9002" failures="0" tests="4" name="com.qa.tests.CartPageTest" time="82.146" errors="0" timestamp="2024-03-05T19:11:49 IST" skipped="0">
  <testcase classname="com.qa.tests.CartPageTest" name="verifyContinueButton" time="21.180"/>
  <testcase classname="com.qa.tests.CartPageTest" name="verifyCheckOutButton" time="18.349"/>
  <testcase classname="com.qa.tests.CartPageTest" name="verifyBuyNowButton" time="20.523"/>
  <testcase classname="com.qa.tests.CartPageTest" name="verifyDeleteProductButton" time="22.094"/>
</testsuite> <!-- com.qa.tests.CartPageTest -->
