<?xml version="1.0" encoding="UTF-8"?>
<!-- Generated by org.testng.reporters.JUnitReportReporter -->
<testsuite hostname="LAIMUMLT9002" failures="0" tests="5" name="com.qa.tests.HomePageTest" time="74.049" errors="0" timestamp="2024-03-05T19:11:49 IST" skipped="0">
  <testcase classname="com.qa.tests.HomePageTest" name="getHomePageTitleTest" time="12.763"/>
  <testcase classname="com.qa.tests.HomePageTest" name="verifyHomePageIcon" time="14.105"/>
  <testcase classname="com.qa.tests.HomePageTest" name="verifyTopDashboardBtnCount" time="12.836"/>
  <testcase classname="com.qa.tests.HomePageTest" name="verifyItemsCount" time="15.322"/>
  <testcase classname="com.qa.tests.HomePageTest" name="addToCartProduct" time="19.023"/>
</testsuite> <!-- com.qa.tests.HomePageTest -->
