<?xml version="1.0" encoding="UTF-8"?>
<!-- Generated by org.testng.reporters.JUnitReportReporter -->
<testsuite hostname="LAIMUMLT9002" failures="0" tests="1" name="com.qa.tests.PaymentPageTest" time="26.864" errors="0" timestamp="2024-03-05T19:11:49 IST" skipped="0">
  <testcase classname="com.qa.tests.PaymentPageTest" name="addPaymentInfo" time="26.864"/>
</testsuite> <!-- com.qa.tests.PaymentPageTest -->
