<?xml version="1.0" encoding="UTF-8"?>
<!-- Generated by org.testng.reporters.JUnitReportReporter -->
<testsuite hostname="LAIMUMLT9002" failures="0" tests="1" name="com.qa.tests.OrderPageTest" time="13.655" errors="0" timestamp="2024-03-05T19:11:49 IST" skipped="0">
  <testcase classname="com.qa.tests.OrderPageTest" name="verifyOrderHistory" time="13.655"/>
</testsuite> <!-- com.qa.tests.OrderPageTest -->
