<?xml version="1.0" encoding="UTF-8"?>
<!-- Generated by org.testng.reporters.JUnitReportReporter -->
<testsuite hostname="LAIMUMLT9002" failures="0" tests="3" name="com.qa.tests.FilterSearchTest" time="48.700" errors="0" timestamp="2024-03-05T19:11:49 IST" skipped="0">
  <testcase classname="com.qa.tests.FilterSearchTest" name="verifySearchFilter" time="17.317"/>
  <testcase classname="com.qa.tests.FilterSearchTest" name="verifyMinMaxSearchFilter" time="16.045"/>
  <testcase classname="com.qa.tests.FilterSearchTest" name="verifyCheckboxSearchFilter" time="15.338"/>
</testsuite> <!-- com.qa.tests.FilterSearchTest -->
