<?xml version="1.0" encoding="UTF-8"?>
<!-- Generated by org.testng.reporters.JUnitReportReporter -->
<testsuite hostname="LAIMUMLT9002" failures="0" tests="8" name="com.qa.tests.HomePageTest" time="270.986" errors="0" timestamp="2024-03-03T14:08:04 IST" skipped="0">
  <testcase classname="com.qa.tests.HomePageTest" name="getHomePageTitleTest" time="42.188"/>
  <testcase classname="com.qa.tests.HomePageTest" name="getHomePageTitleTest" time="38.103"/>
  <testcase classname="com.qa.tests.HomePageTest" name="verifyHomePageIcon" time="24.885"/>
  <testcase classname="com.qa.tests.HomePageTest" name="verifyHomePageIcon" time="48.589"/>
  <testcase classname="com.qa.tests.HomePageTest" name="verifyTopDashboardBtnCount" time="21.696"/>
  <testcase classname="com.qa.tests.HomePageTest" name="verifyTopDashboardBtnCount" time="27.035"/>
  <testcase classname="com.qa.tests.HomePageTest" name="verifyItemsCount" time="28.382"/>
  <testcase classname="com.qa.tests.HomePageTest" name="verifyItemsCount" time="40.108"/>
</testsuite> <!-- com.qa.tests.HomePageTest -->
